<?xml version="1.0" encoding="UTF-8"?>
<!-- Generated by org.testng.reporters.JUnitXMLReporter -->
<testsuite ignored="0" hostname="DESKTOP-1HICKEJ" failures="0" tests="3" name="Surefire test" time="30.606" errors="0" timestamp="05 Sep 2020 13:24:39 GMT">
  <testcase classname="e2EProject.SalesPageTest" name="FilterChck" time="7.517"/>
  <testcase classname="e2EProject.FormValidationTest" name="ValidationCheckLogin" time="2.164"/>
  <testcase classname="e2EProject.FormValidationTest" name="RequiredFieldCheck" time="4.859"/>
</testsuite> <!-- Surefire test -->
