<?xml version="1.0" encoding="UTF-8"?>
<testsuite xmlns:xsi="http://www.w3.org/2001/XMLSchema-instance" xsi:noNamespaceSchemaLocation="https://maven.apache.org/surefire/maven-surefire-plugin/xsd/surefire-test-report.xsd" name="TestSuite" time="31.012" tests="3" errors="0" skipped="0" failures="0">
  <properties>
[...]
</properties>
  <testcase name="FilterChck" classname="e2EProject.SalesPageTest" time="7.518"/>
  <testcase name="ValidationCheckLogin" classname="e2EProject.FormValidationTest" time="2.164"/>
  <testcase name="RequiredFieldCheck" classname="e2EProject.FormValidationTest" time="4.859"/>
</testsuite>