<?xml version="1.0" encoding="UTF-8"?>
<testng-results ignored="0" total="3" passed="3" failed="0" skipped="0">
  <reporter-output>
  </reporter-output>
  <suite started-at="2020-09-05T13:24:08Z" name="Surefire suite" finished-at="2020-09-05T13:24:39Z" duration-ms="30606">
    <groups>
    </groups>
    <test started-at="2020-09-05T13:24:08Z" name="Surefire test" finished-at="2020-09-05T13:24:39Z" duration-ms="30606">
      <class name="e2EProject.FormValidationTest">
        <test-method is-config="true" signature="initialtrig()[pri:0, instance:e2EProject.FormValidationTest@7714e963]" started-at="2020-09-05T15:24:08Z" name="initialtrig" finished-at="2020-09-05T15:24:18Z" duration-ms="9385" status="PASS">
          <reporter-output>
          </reporter-output>
        </test-method> <!-- initialtrig -->
        <test-method is-config="true" signature="initialtrig()[pri:0, instance:e2EProject.SalesPageTest@20ce78ec]" started-at="2020-09-05T15:24:18Z" name="initialtrig" finished-at="2020-09-05T15:24:24Z" duration-ms="6565" status="PASS">
          <reporter-output>
          </reporter-output>
        </test-method> <!-- initialtrig -->
        <test-method signature="ValidationCheckLogin()[pri:1, instance:e2EProject.FormValidationTest@7714e963]" started-at="2020-09-05T15:24:32Z" name="ValidationCheckLogin" finished-at="2020-09-05T15:24:34Z" duration-ms="2164" status="PASS">
          <reporter-output>
          </reporter-output>
        </test-method> <!-- ValidationCheckLogin -->
        <test-method signature="RequiredFieldCheck()[pri:2, instance:e2EProject.FormValidationTest@7714e963]" started-at="2020-09-05T15:24:34Z" name="RequiredFieldCheck" finished-at="2020-09-05T15:24:39Z" duration-ms="4859" status="PASS">
          <reporter-output>
          </reporter-output>
        </test-method> <!-- RequiredFieldCheck -->
        <test-method is-config="true" signature="drop()[pri:0, instance:e2EProject.FormValidationTest@7714e963]" started-at="2020-09-05T15:24:39Z" name="drop" finished-at="2020-09-05T15:24:39Z" duration-ms="44" status="PASS">
          <reporter-output>
          </reporter-output>
        </test-method> <!-- drop -->
        <test-method is-config="true" signature="drop()[pri:0, instance:e2EProject.SalesPageTest@20ce78ec]" started-at="2020-09-05T15:24:39Z" name="drop" finished-at="2020-09-05T15:24:39Z" duration-ms="49" status="PASS">
          <reporter-output>
          </reporter-output>
        </test-method> <!-- drop -->
      </class> <!-- e2EProject.FormValidationTest -->
      <class name="e2EProject.SalesPageTest">
        <test-method signature="FilterChck()[pri:0, instance:e2EProject.SalesPageTest@20ce78ec]" started-at="2020-09-05T15:24:24Z" name="FilterChck" finished-at="2020-09-05T15:24:32Z" duration-ms="7517" status="PASS">
          <reporter-output>
          </reporter-output>
        </test-method> <!-- FilterChck -->
      </class> <!-- e2EProject.SalesPageTest -->
    </test> <!-- Surefire test -->
  </suite> <!-- Surefire suite -->
</testng-results>
