<?xml version="1.0" encoding="UTF-8"?>
<testng-results ignored="0" total="2" passed="2" failed="0" skipped="0">
  <reporter-output>
  </reporter-output>
  <suite started-at="2020-09-05T11:49:45 CEST" name="Default suite" finished-at="2020-09-05T11:50:00 CEST" duration-ms="15612">
    <groups>
    </groups>
    <test started-at="2020-09-05T11:49:45 CEST" name="Default test" finished-at="2020-09-05T11:50:00 CEST" duration-ms="15612">
      <class name="e2EProject.FormValidationTest">
        <test-method is-config="true" signature="initialtrig()[pri:0, instance:e2EProject.FormValidationTest@47542153]" started-at="2020-09-05T11:49:45 CEST" name="initialtrig" finished-at="2020-09-05T11:49:53 CEST" duration-ms="8875" status="PASS">
          <reporter-output>
          </reporter-output>
        </test-method> <!-- initialtrig -->
        <test-method signature="ValidationCheckLogin()[pri:1, instance:e2EProject.FormValidationTest@47542153]" started-at="2020-09-05T11:49:53 CEST" name="ValidationCheckLogin" finished-at="2020-09-05T11:49:55 CEST" duration-ms="1859" status="PASS">
          <reporter-output>
          </reporter-output>
        </test-method> <!-- ValidationCheckLogin -->
        <test-method signature="RequiredFieldCheck()[pri:2, instance:e2EProject.FormValidationTest@47542153]" started-at="2020-09-05T11:49:55 CEST" name="RequiredFieldCheck" finished-at="2020-09-05T11:50:00 CEST" duration-ms="4793" status="PASS">
          <reporter-output>
          </reporter-output>
        </test-method> <!-- RequiredFieldCheck -->
        <test-method is-config="true" signature="drop()[pri:0, instance:e2EProject.FormValidationTest@47542153]" started-at="2020-09-05T11:50:00 CEST" name="drop" finished-at="2020-09-05T11:50:00 CEST" duration-ms="60" status="PASS">
          <reporter-output>
          </reporter-output>
        </test-method> <!-- drop -->
      </class> <!-- e2EProject.FormValidationTest -->
    </test> <!-- Default test -->
  </suite> <!-- Default suite -->
</testng-results>
